<?xml version="1.0" encoding="UTF-8"?>
<!-- Generated by org.testng.reporters.JUnitReportReporter -->
<testsuite skipped="0" hostname="LAPTOP-67GBDSQJ" name="qaclickacademy.MVNJava.AppiumTest" tests="2" failures="0" timestamp="16 Mar 2021 20:29:21 GMT" time="0.001" errors="0">
  <testcase name="IOSApps" time="0.000" classname="qaclickacademy.MVNJava.AppiumTest"/>
  <testcase name="NativeAppAndroid" time="0.001" classname="qaclickacademy.MVNJava.AppiumTest"/>
</testsuite> <!-- qaclickacademy.MVNJava.AppiumTest -->
