<?xml version="1.0" encoding="UTF-8"?>
<!-- Generated by org.testng.reporters.JUnitReportReporter -->
<testsuite skipped="0" hostname="LAPTOP-67GBDSQJ" name="qaclickacademy.MVNJava.RESTAPITest" tests="2" failures="0" timestamp="16 Mar 2021 20:31:08 GMT" time="0.012" errors="0">
  <testcase name="postJira" time="0.000" classname="qaclickacademy.MVNJava.RESTAPITest"/>
  <testcase name="deleteTwitter" time="0.012" classname="qaclickacademy.MVNJava.RESTAPITest"/>
</testsuite> <!-- qaclickacademy.MVNJava.RESTAPITest -->
