<?xml version="1.0" encoding="UTF-8"?>
<!-- Generated by org.testng.reporters.JUnitReportReporter -->
<testsuite skipped="0" hostname="LAPTOP-67GBDSQJ" name="qaclickacademy.MVNJava.SeleniumTest" tests="2" failures="0" timestamp="16 Mar 2021 20:31:08 GMT" time="0.002" errors="0">
  <testcase name="BrowserAutomation" time="0.001" classname="qaclickacademy.MVNJava.SeleniumTest"/>
  <testcase name="elementsUi" time="0.001" classname="qaclickacademy.MVNJava.SeleniumTest"/>
</testsuite> <!-- qaclickacademy.MVNJava.SeleniumTest -->
